0 info it worked if it ends with ok
1 verbose cli [ '/usr/bin/node', '/usr/bin/npm', 'i', 'express-generator', '-g' ]
2 info using npm@3.10.10
3 info using node@v6.11.3
4 silly loadCurrentTree Starting
5 silly install loadCurrentTree
6 silly install readGlobalPackageData
7 silly fetchPackageMetaData express-generator
8 silly fetchNamedPackageData express-generator
9 silly mapToRegistry name express-generator
10 silly mapToRegistry using default registry
11 silly mapToRegistry registry https://registry.npmjs.org/
12 silly mapToRegistry data Result {
12 silly mapToRegistry   raw: 'express-generator',
12 silly mapToRegistry   scope: null,
12 silly mapToRegistry   escapedName: 'express-generator',
12 silly mapToRegistry   name: 'express-generator',
12 silly mapToRegistry   rawSpec: '',
12 silly mapToRegistry   spec: 'latest',
12 silly mapToRegistry   type: 'tag' }
13 silly mapToRegistry uri https://registry.npmjs.org/express-generator
14 verbose request uri https://registry.npmjs.org/express-generator
15 verbose request no auth needed
16 info attempt registry request try #1 at 22:34:55
17 verbose request id ac83ad80aadfdb27
18 http request GET https://registry.npmjs.org/express-generator
19 http 200 https://registry.npmjs.org/express-generator
20 verbose headers { server: 'nginx/1.10.1',
20 verbose headers   'content-type': 'application/json',
20 verbose headers   'last-modified': 'Wed, 06 Sep 2017 19:55:31 GMT',
20 verbose headers   etag: 'W/"59b052b3-9fb1"',
20 verbose headers   'content-encoding': 'gzip',
20 verbose headers   'cache-control': 'max-age=300',
20 verbose headers   'content-length': '4875',
20 verbose headers   'accept-ranges': 'bytes',
20 verbose headers   date: 'Wed, 20 Sep 2017 14:35:00 GMT',
20 verbose headers   via: '1.1 varnish',
20 verbose headers   age: '52',
20 verbose headers   connection: 'close',
20 verbose headers   'x-served-by': 'cache-nrt6124-NRT',
20 verbose headers   'x-cache': 'HIT',
20 verbose headers   'x-cache-hits': '1',
20 verbose headers   'x-timer': 'S1505918101.557623,VS0,VE1',
20 verbose headers   vary: 'Accept-Encoding, Accept' }
21 silly get cb [ 200,
21 silly get   { server: 'nginx/1.10.1',
21 silly get     'content-type': 'application/json',
21 silly get     'last-modified': 'Wed, 06 Sep 2017 19:55:31 GMT',
21 silly get     etag: 'W/"59b052b3-9fb1"',
21 silly get     'content-encoding': 'gzip',
21 silly get     'cache-control': 'max-age=300',
21 silly get     'content-length': '4875',
21 silly get     'accept-ranges': 'bytes',
21 silly get     date: 'Wed, 20 Sep 2017 14:35:00 GMT',
21 silly get     via: '1.1 varnish',
21 silly get     age: '52',
21 silly get     connection: 'close',
21 silly get     'x-served-by': 'cache-nrt6124-NRT',
21 silly get     'x-cache': 'HIT',
21 silly get     'x-cache-hits': '1',
21 silly get     'x-timer': 'S1505918101.557623,VS0,VE1',
21 silly get     vary: 'Accept-Encoding, Accept' } ]
22 verbose get saving express-generator to /home/wcg/.npm/registry.npmjs.org/express-generator/.cache.json
23 verbose correctMkdir /home/wcg/.npm correctMkdir not in flight; initializing
24 silly install normalizeTree
25 silly loadCurrentTree Finishing
26 silly loadIdealTree Starting
27 silly install loadIdealTree
28 silly cloneCurrentTree Starting
29 silly install cloneCurrentTreeToIdealTree
30 silly cloneCurrentTree Finishing
31 silly loadShrinkwrap Starting
32 silly install loadShrinkwrap
33 silly loadShrinkwrap Finishing
34 silly loadAllDepsIntoIdealTree Starting
35 silly install loadAllDepsIntoIdealTree
36 silly resolveWithNewModule express-generator@4.15.0 checking installable status
37 silly cache add args [ 'express-generator', null ]
38 verbose cache add spec express-generator
39 silly cache add parsed spec Result {
39 silly cache add   raw: 'express-generator',
39 silly cache add   scope: null,
39 silly cache add   escapedName: 'express-generator',
39 silly cache add   name: 'express-generator',
39 silly cache add   rawSpec: '',
39 silly cache add   spec: 'latest',
39 silly cache add   type: 'tag' }
40 silly addNamed express-generator@latest
41 verbose addNamed "latest" is being treated as a dist-tag for express-generator
42 info addNameTag [ 'express-generator', 'latest' ]
43 silly mapToRegistry name express-generator
44 silly mapToRegistry using default registry
45 silly mapToRegistry registry https://registry.npmjs.org/
46 silly mapToRegistry data Result {
46 silly mapToRegistry   raw: 'express-generator',
46 silly mapToRegistry   scope: null,
46 silly mapToRegistry   escapedName: 'express-generator',
46 silly mapToRegistry   name: 'express-generator',
46 silly mapToRegistry   rawSpec: '',
46 silly mapToRegistry   spec: 'latest',
46 silly mapToRegistry   type: 'tag' }
47 silly mapToRegistry uri https://registry.npmjs.org/express-generator
48 verbose addNameTag registry:https://registry.npmjs.org/express-generator not in flight; fetching
49 verbose get https://registry.npmjs.org/express-generator not expired, no request
50 silly addNameTag next cb for express-generator with tag latest
51 silly addNamed express-generator@4.15.0
52 verbose addNamed "4.15.0" is a plain semver version for express-generator
53 silly mapToRegistry name express-generator
54 silly mapToRegistry using default registry
55 silly mapToRegistry registry https://registry.npmjs.org/
56 silly mapToRegistry data Result {
56 silly mapToRegistry   raw: 'express-generator',
56 silly mapToRegistry   scope: null,
56 silly mapToRegistry   escapedName: 'express-generator',
56 silly mapToRegistry   name: 'express-generator',
56 silly mapToRegistry   rawSpec: '',
56 silly mapToRegistry   spec: 'latest',
56 silly mapToRegistry   type: 'tag' }
57 silly mapToRegistry uri https://registry.npmjs.org/express-generator
58 verbose addRemoteTarball https://registry.npmjs.org/express-generator/-/express-generator-4.15.0.tgz not in flight; adding
59 verbose addRemoteTarball [ 'https://registry.npmjs.org/express-generator/-/express-generator-4.15.0.tgz',
59 verbose addRemoteTarball   '81ba5ca8db9ceeaee281a08f5ad5c3f472430006' ]
60 info retry fetch attempt 1 at 22:35:00
61 info attempt registry request try #1 at 22:35:00
62 http fetch GET https://registry.npmjs.org/express-generator/-/express-generator-4.15.0.tgz
63 http fetch 200 https://registry.npmjs.org/express-generator/-/express-generator-4.15.0.tgz
64 silly fetchAndShaCheck shasum 81ba5ca8db9ceeaee281a08f5ad5c3f472430006
65 verbose addTmpTarball /tmp/npm-3757-4dc6563c/registry.npmjs.org/express-generator/-/express-generator-4.15.0.tgz not in flight; adding
66 verbose addTmpTarball already have metadata; skipping unpack for express-generator@4.15.0
67 verbose correctMkdir /home/wcg/.npm correctMkdir not in flight; initializing
68 silly cache afterAdd express-generator@4.15.0
69 verbose afterAdd /home/wcg/.npm/express-generator/4.15.0/package/package.json not in flight; writing
70 verbose correctMkdir /home/wcg/.npm correctMkdir not in flight; initializing
71 verbose afterAdd /home/wcg/.npm/express-generator/4.15.0/package/package.json written
72 silly fetchNamedPackageData commander
73 silly mapToRegistry name commander
74 silly mapToRegistry using default registry
75 silly mapToRegistry registry https://registry.npmjs.org/
76 silly mapToRegistry data Result {
76 silly mapToRegistry   raw: 'commander',
76 silly mapToRegistry   scope: null,
76 silly mapToRegistry   escapedName: 'commander',
76 silly mapToRegistry   name: 'commander',
76 silly mapToRegistry   rawSpec: '',
76 silly mapToRegistry   spec: 'latest',
76 silly mapToRegistry   type: 'tag' }
77 silly mapToRegistry uri https://registry.npmjs.org/commander
78 silly fetchNamedPackageData ejs
79 silly mapToRegistry name ejs
80 silly mapToRegistry using default registry
81 silly mapToRegistry registry https://registry.npmjs.org/
82 silly mapToRegistry data Result {
82 silly mapToRegistry   raw: 'ejs',
82 silly mapToRegistry   scope: null,
82 silly mapToRegistry   escapedName: 'ejs',
82 silly mapToRegistry   name: 'ejs',
82 silly mapToRegistry   rawSpec: '',
82 silly mapToRegistry   spec: 'latest',
82 silly mapToRegistry   type: 'tag' }
83 silly mapToRegistry uri https://registry.npmjs.org/ejs
84 silly fetchNamedPackageData mkdirp
85 silly mapToRegistry name mkdirp
86 silly mapToRegistry using default registry
87 silly mapToRegistry registry https://registry.npmjs.org/
88 silly mapToRegistry data Result {
88 silly mapToRegistry   raw: 'mkdirp',
88 silly mapToRegistry   scope: null,
88 silly mapToRegistry   escapedName: 'mkdirp',
88 silly mapToRegistry   name: 'mkdirp',
88 silly mapToRegistry   rawSpec: '',
88 silly mapToRegistry   spec: 'latest',
88 silly mapToRegistry   type: 'tag' }
89 silly mapToRegistry uri https://registry.npmjs.org/mkdirp
90 silly fetchNamedPackageData sorted-object
91 silly mapToRegistry name sorted-object
92 silly mapToRegistry using default registry
93 silly mapToRegistry registry https://registry.npmjs.org/
94 silly mapToRegistry data Result {
94 silly mapToRegistry   raw: 'sorted-object',
94 silly mapToRegistry   scope: null,
94 silly mapToRegistry   escapedName: 'sorted-object',
94 silly mapToRegistry   name: 'sorted-object',
94 silly mapToRegistry   rawSpec: '',
94 silly mapToRegistry   spec: 'latest',
94 silly mapToRegistry   type: 'tag' }
95 silly mapToRegistry uri https://registry.npmjs.org/sorted-object
96 verbose request uri https://registry.npmjs.org/commander
97 verbose request no auth needed
98 info attempt registry request try #1 at 22:35:02
99 http request GET https://registry.npmjs.org/commander
100 verbose request uri https://registry.npmjs.org/ejs
101 verbose request no auth needed
102 info attempt registry request try #1 at 22:35:02
103 http request GET https://registry.npmjs.org/ejs
104 verbose request uri https://registry.npmjs.org/mkdirp
105 verbose request no auth needed
106 info attempt registry request try #1 at 22:35:02
107 http request GET https://registry.npmjs.org/mkdirp
108 verbose request uri https://registry.npmjs.org/sorted-object
109 verbose request no auth needed
110 info attempt registry request try #1 at 22:35:02
111 http request GET https://registry.npmjs.org/sorted-object
112 http 200 https://registry.npmjs.org/mkdirp
113 verbose headers { server: 'nginx/1.10.3',
113 verbose headers   'content-type': 'application/json',
113 verbose headers   'last-modified': 'Wed, 20 Sep 2017 09:41:32 GMT',
113 verbose headers   etag: 'W/"59c237cc-671b"',
113 verbose headers   'content-encoding': 'gzip',
113 verbose headers   'cache-control': 'max-age=300',
113 verbose headers   'content-length': '5307',
113 verbose headers   'accept-ranges': 'bytes',
113 verbose headers   date: 'Wed, 20 Sep 2017 14:35:03 GMT',
113 verbose headers   via: '1.1 varnish',
113 verbose headers   age: '101',
113 verbose headers   connection: 'close',
113 verbose headers   'x-served-by': 'cache-nrt6132-NRT',
113 verbose headers   'x-cache': 'HIT',
113 verbose headers   'x-cache-hits': '2',
113 verbose headers   'x-timer': 'S1505918103.286361,VS0,VE0',
113 verbose headers   vary: 'Accept-Encoding, Accept' }
114 silly get cb [ 200,
114 silly get   { server: 'nginx/1.10.3',
114 silly get     'content-type': 'application/json',
114 silly get     'last-modified': 'Wed, 20 Sep 2017 09:41:32 GMT',
114 silly get     etag: 'W/"59c237cc-671b"',
114 silly get     'content-encoding': 'gzip',
114 silly get     'cache-control': 'max-age=300',
114 silly get     'content-length': '5307',
114 silly get     'accept-ranges': 'bytes',
114 silly get     date: 'Wed, 20 Sep 2017 14:35:03 GMT',
114 silly get     via: '1.1 varnish',
114 silly get     age: '101',
114 silly get     connection: 'close',
114 silly get     'x-served-by': 'cache-nrt6132-NRT',
114 silly get     'x-cache': 'HIT',
114 silly get     'x-cache-hits': '2',
114 silly get     'x-timer': 'S1505918103.286361,VS0,VE0',
114 silly get     vary: 'Accept-Encoding, Accept' } ]
115 verbose get saving mkdirp to /home/wcg/.npm/registry.npmjs.org/mkdirp/.cache.json
116 verbose correctMkdir /home/wcg/.npm correctMkdir not in flight; initializing
117 silly resolveWithNewModule mkdirp@0.5.1 checking installable status
118 silly cache add args [ 'mkdirp@0.5.1', null ]
119 verbose cache add spec mkdirp@0.5.1
120 silly cache add parsed spec Result {
120 silly cache add   raw: 'mkdirp@0.5.1',
120 silly cache add   scope: null,
120 silly cache add   escapedName: 'mkdirp',
120 silly cache add   name: 'mkdirp',
120 silly cache add   rawSpec: '0.5.1',
120 silly cache add   spec: '0.5.1',
120 silly cache add   type: 'version' }
121 silly addNamed mkdirp@0.5.1
122 verbose addNamed "0.5.1" is a plain semver version for mkdirp
123 silly mapToRegistry name mkdirp
124 silly mapToRegistry using default registry
125 silly mapToRegistry registry https://registry.npmjs.org/
126 silly mapToRegistry data Result {
126 silly mapToRegistry   raw: 'mkdirp',
126 silly mapToRegistry   scope: null,
126 silly mapToRegistry   escapedName: 'mkdirp',
126 silly mapToRegistry   name: 'mkdirp',
126 silly mapToRegistry   rawSpec: '',
126 silly mapToRegistry   spec: 'latest',
126 silly mapToRegistry   type: 'tag' }
127 silly mapToRegistry uri https://registry.npmjs.org/mkdirp
128 verbose addNameVersion registry:https://registry.npmjs.org/mkdirp not in flight; fetching
129 verbose get https://registry.npmjs.org/mkdirp not expired, no request
130 silly mapToRegistry name mkdirp
131 silly mapToRegistry using default registry
132 silly mapToRegistry registry https://registry.npmjs.org/
133 silly mapToRegistry data Result {
133 silly mapToRegistry   raw: 'mkdirp',
133 silly mapToRegistry   scope: null,
133 silly mapToRegistry   escapedName: 'mkdirp',
133 silly mapToRegistry   name: 'mkdirp',
133 silly mapToRegistry   rawSpec: '',
133 silly mapToRegistry   spec: 'latest',
133 silly mapToRegistry   type: 'tag' }
134 silly mapToRegistry uri https://registry.npmjs.org/mkdirp
135 verbose addRemoteTarball https://registry.npmjs.org/mkdirp/-/mkdirp-0.5.1.tgz not in flight; adding
136 verbose addRemoteTarball [ 'https://registry.npmjs.org/mkdirp/-/mkdirp-0.5.1.tgz',
136 verbose addRemoteTarball   '30057438eac6cf7f8c4767f38648d6697d75c903' ]
137 info retry fetch attempt 1 at 22:35:03
138 info attempt registry request try #1 at 22:35:03
139 http fetch GET https://registry.npmjs.org/mkdirp/-/mkdirp-0.5.1.tgz
140 http 200 https://registry.npmjs.org/sorted-object
141 verbose headers { server: 'nginx/1.10.1',
141 verbose headers   'content-type': 'application/json',
141 verbose headers   'last-modified': 'Sat, 10 Sep 2016 23:39:29 GMT',
141 verbose headers   etag: 'W/"57d499b1-1545"',
141 verbose headers   'content-encoding': 'gzip',
141 verbose headers   'cache-control': 'max-age=300',
141 verbose headers   'content-length': '1619',
141 verbose headers   'accept-ranges': 'bytes',
141 verbose headers   date: 'Wed, 20 Sep 2017 14:35:04 GMT',
141 verbose headers   via: '1.1 varnish',
141 verbose headers   age: '0',
141 verbose headers   connection: 'close',
141 verbose headers   'x-served-by': 'cache-nrt6131-NRT',
141 verbose headers   'x-cache': 'HIT',
141 verbose headers   'x-cache-hits': '1',
141 verbose headers   'x-timer': 'S1505918105.730040,VS0,VE141',
141 verbose headers   vary: 'Accept-Encoding, Accept' }
142 silly get cb [ 200,
142 silly get   { server: 'nginx/1.10.1',
142 silly get     'content-type': 'application/json',
142 silly get     'last-modified': 'Sat, 10 Sep 2016 23:39:29 GMT',
142 silly get     etag: 'W/"57d499b1-1545"',
142 silly get     'content-encoding': 'gzip',
142 silly get     'cache-control': 'max-age=300',
142 silly get     'content-length': '1619',
142 silly get     'accept-ranges': 'bytes',
142 silly get     date: 'Wed, 20 Sep 2017 14:35:04 GMT',
142 silly get     via: '1.1 varnish',
142 silly get     age: '0',
142 silly get     connection: 'close',
142 silly get     'x-served-by': 'cache-nrt6131-NRT',
142 silly get     'x-cache': 'HIT',
142 silly get     'x-cache-hits': '1',
142 silly get     'x-timer': 'S1505918105.730040,VS0,VE141',
142 silly get     vary: 'Accept-Encoding, Accept' } ]
143 verbose get saving sorted-object to /home/wcg/.npm/registry.npmjs.org/sorted-object/.cache.json
144 verbose correctMkdir /home/wcg/.npm correctMkdir not in flight; initializing
145 silly resolveWithNewModule sorted-object@2.0.1 checking installable status
146 silly cache add args [ 'sorted-object@2.0.1', null ]
147 verbose cache add spec sorted-object@2.0.1
148 silly cache add parsed spec Result {
148 silly cache add   raw: 'sorted-object@2.0.1',
148 silly cache add   scope: null,
148 silly cache add   escapedName: 'sorted-object',
148 silly cache add   name: 'sorted-object',
148 silly cache add   rawSpec: '2.0.1',
148 silly cache add   spec: '2.0.1',
148 silly cache add   type: 'version' }
149 silly addNamed sorted-object@2.0.1
150 verbose addNamed "2.0.1" is a plain semver version for sorted-object
151 silly mapToRegistry name sorted-object
152 silly mapToRegistry using default registry
153 silly mapToRegistry registry https://registry.npmjs.org/
154 silly mapToRegistry data Result {
154 silly mapToRegistry   raw: 'sorted-object',
154 silly mapToRegistry   scope: null,
154 silly mapToRegistry   escapedName: 'sorted-object',
154 silly mapToRegistry   name: 'sorted-object',
154 silly mapToRegistry   rawSpec: '',
154 silly mapToRegistry   spec: 'latest',
154 silly mapToRegistry   type: 'tag' }
155 silly mapToRegistry uri https://registry.npmjs.org/sorted-object
156 verbose addNameVersion registry:https://registry.npmjs.org/sorted-object not in flight; fetching
157 verbose get https://registry.npmjs.org/sorted-object not expired, no request
158 silly mapToRegistry name sorted-object
159 silly mapToRegistry using default registry
160 silly mapToRegistry registry https://registry.npmjs.org/
161 silly mapToRegistry data Result {
161 silly mapToRegistry   raw: 'sorted-object',
161 silly mapToRegistry   scope: null,
161 silly mapToRegistry   escapedName: 'sorted-object',
161 silly mapToRegistry   name: 'sorted-object',
161 silly mapToRegistry   rawSpec: '',
161 silly mapToRegistry   spec: 'latest',
161 silly mapToRegistry   type: 'tag' }
162 silly mapToRegistry uri https://registry.npmjs.org/sorted-object
163 verbose addRemoteTarball https://registry.npmjs.org/sorted-object/-/sorted-object-2.0.1.tgz not in flight; adding
164 verbose addRemoteTarball [ 'https://registry.npmjs.org/sorted-object/-/sorted-object-2.0.1.tgz',
164 verbose addRemoteTarball   '7d631f4bd3a798a24af1dffcfbfe83337a5df5fc' ]
165 info retry fetch attempt 1 at 22:35:05
166 info attempt registry request try #1 at 22:35:05
167 http fetch GET https://registry.npmjs.org/sorted-object/-/sorted-object-2.0.1.tgz
168 http 200 https://registry.npmjs.org/commander
169 verbose headers { server: 'nginx/1.10.1',
169 verbose headers   'content-type': 'application/json',
169 verbose headers   'last-modified': 'Mon, 18 Sep 2017 14:15:53 GMT',
169 verbose headers   etag: 'W/"59bfd519-1169b"',
169 verbose headers   'content-encoding': 'gzip',
169 verbose headers   'cache-control': 'max-age=300',
169 verbose headers   'content-length': '14374',
169 verbose headers   'accept-ranges': 'bytes',
169 verbose headers   date: 'Wed, 20 Sep 2017 14:35:03 GMT',
169 verbose headers   via: '1.1 varnish',
169 verbose headers   age: '198',
169 verbose headers   connection: 'close',
169 verbose headers   'x-served-by': 'cache-nrt6135-NRT',
169 verbose headers   'x-cache': 'HIT',
169 verbose headers   'x-cache-hits': '7',
169 verbose headers   'x-timer': 'S1505918104.756941,VS0,VE0',
169 verbose headers   vary: 'Accept-Encoding, Accept' }
170 silly get cb [ 200,
170 silly get   { server: 'nginx/1.10.1',
170 silly get     'content-type': 'application/json',
170 silly get     'last-modified': 'Mon, 18 Sep 2017 14:15:53 GMT',
170 silly get     etag: 'W/"59bfd519-1169b"',
170 silly get     'content-encoding': 'gzip',
170 silly get     'cache-control': 'max-age=300',
170 silly get     'content-length': '14374',
170 silly get     'accept-ranges': 'bytes',
170 silly get     date: 'Wed, 20 Sep 2017 14:35:03 GMT',
170 silly get     via: '1.1 varnish',
170 silly get     age: '198',
170 silly get     connection: 'close',
170 silly get     'x-served-by': 'cache-nrt6135-NRT',
170 silly get     'x-cache': 'HIT',
170 silly get     'x-cache-hits': '7',
170 silly get     'x-timer': 'S1505918104.756941,VS0,VE0',
170 silly get     vary: 'Accept-Encoding, Accept' } ]
171 verbose get saving commander to /home/wcg/.npm/registry.npmjs.org/commander/.cache.json
172 verbose correctMkdir /home/wcg/.npm correctMkdir not in flight; initializing
173 silly resolveWithNewModule commander@2.9.0 checking installable status
174 silly cache add args [ 'commander@2.9.0', null ]
175 verbose cache add spec commander@2.9.0
176 silly cache add parsed spec Result {
176 silly cache add   raw: 'commander@2.9.0',
176 silly cache add   scope: null,
176 silly cache add   escapedName: 'commander',
176 silly cache add   name: 'commander',
176 silly cache add   rawSpec: '2.9.0',
176 silly cache add   spec: '2.9.0',
176 silly cache add   type: 'version' }
177 silly addNamed commander@2.9.0
178 verbose addNamed "2.9.0" is a plain semver version for commander
179 silly mapToRegistry name commander
180 silly mapToRegistry using default registry
181 silly mapToRegistry registry https://registry.npmjs.org/
182 silly mapToRegistry data Result {
182 silly mapToRegistry   raw: 'commander',
182 silly mapToRegistry   scope: null,
182 silly mapToRegistry   escapedName: 'commander',
182 silly mapToRegistry   name: 'commander',
182 silly mapToRegistry   rawSpec: '',
182 silly mapToRegistry   spec: 'latest',
182 silly mapToRegistry   type: 'tag' }
183 silly mapToRegistry uri https://registry.npmjs.org/commander
184 verbose addNameVersion registry:https://registry.npmjs.org/commander not in flight; fetching
185 verbose get https://registry.npmjs.org/commander not expired, no request
186 silly mapToRegistry name commander
187 silly mapToRegistry using default registry
188 silly mapToRegistry registry https://registry.npmjs.org/
189 silly mapToRegistry data Result {
189 silly mapToRegistry   raw: 'commander',
189 silly mapToRegistry   scope: null,
189 silly mapToRegistry   escapedName: 'commander',
189 silly mapToRegistry   name: 'commander',
189 silly mapToRegistry   rawSpec: '',
189 silly mapToRegistry   spec: 'latest',
189 silly mapToRegistry   type: 'tag' }
190 silly mapToRegistry uri https://registry.npmjs.org/commander
191 verbose addRemoteTarball https://registry.npmjs.org/commander/-/commander-2.9.0.tgz not in flight; adding
192 verbose addRemoteTarball [ 'https://registry.npmjs.org/commander/-/commander-2.9.0.tgz',
192 verbose addRemoteTarball   '9c99094176e12240cb22d6c5146098400fe0f7d4' ]
193 info retry fetch attempt 1 at 22:35:05
194 info attempt registry request try #1 at 22:35:05
195 http fetch GET https://registry.npmjs.org/commander/-/commander-2.9.0.tgz
196 http 200 https://registry.npmjs.org/ejs
197 verbose headers { server: 'nginx/1.10.1',
197 verbose headers   'content-type': 'application/json',
197 verbose headers   'last-modified': 'Mon, 18 Sep 2017 13:00:19 GMT',
197 verbose headers   etag: 'W/"59bfc363-112ec"',
197 verbose headers   'content-encoding': 'gzip',
197 verbose headers   'cache-control': 'max-age=300',
197 verbose headers   'content-length': '11233',
197 verbose headers   'accept-ranges': 'bytes',
197 verbose headers   date: 'Wed, 20 Sep 2017 14:35:05 GMT',
197 verbose headers   via: '1.1 varnish',
197 verbose headers   age: '251',
197 verbose headers   connection: 'close',
197 verbose headers   'x-served-by': 'cache-nrt6128-NRT',
197 verbose headers   'x-cache': 'HIT',
197 verbose headers   'x-cache-hits': '3',
197 verbose headers   'x-timer': 'S1505918106.915121,VS0,VE0',
197 verbose headers   vary: 'Accept-Encoding, Accept' }
198 silly get cb [ 200,
198 silly get   { server: 'nginx/1.10.1',
198 silly get     'content-type': 'application/json',
198 silly get     'last-modified': 'Mon, 18 Sep 2017 13:00:19 GMT',
198 silly get     etag: 'W/"59bfc363-112ec"',
198 silly get     'content-encoding': 'gzip',
198 silly get     'cache-control': 'max-age=300',
198 silly get     'content-length': '11233',
198 silly get     'accept-ranges': 'bytes',
198 silly get     date: 'Wed, 20 Sep 2017 14:35:05 GMT',
198 silly get     via: '1.1 varnish',
198 silly get     age: '251',
198 silly get     connection: 'close',
198 silly get     'x-served-by': 'cache-nrt6128-NRT',
198 silly get     'x-cache': 'HIT',
198 silly get     'x-cache-hits': '3',
198 silly get     'x-timer': 'S1505918106.915121,VS0,VE0',
198 silly get     vary: 'Accept-Encoding, Accept' } ]
199 verbose get saving ejs to /home/wcg/.npm/registry.npmjs.org/ejs/.cache.json
200 verbose correctMkdir /home/wcg/.npm correctMkdir not in flight; initializing
201 silly resolveWithNewModule ejs@2.5.6 checking installable status
202 silly cache add args [ 'ejs@2.5.6', null ]
203 verbose cache add spec ejs@2.5.6
204 silly cache add parsed spec Result {
204 silly cache add   raw: 'ejs@2.5.6',
204 silly cache add   scope: null,
204 silly cache add   escapedName: 'ejs',
204 silly cache add   name: 'ejs',
204 silly cache add   rawSpec: '2.5.6',
204 silly cache add   spec: '2.5.6',
204 silly cache add   type: 'version' }
205 silly addNamed ejs@2.5.6
206 verbose addNamed "2.5.6" is a plain semver version for ejs
207 silly mapToRegistry name ejs
208 silly mapToRegistry using default registry
209 silly mapToRegistry registry https://registry.npmjs.org/
210 silly mapToRegistry data Result {
210 silly mapToRegistry   raw: 'ejs',
210 silly mapToRegistry   scope: null,
210 silly mapToRegistry   escapedName: 'ejs',
210 silly mapToRegistry   name: 'ejs',
210 silly mapToRegistry   rawSpec: '',
210 silly mapToRegistry   spec: 'latest',
210 silly mapToRegistry   type: 'tag' }
211 silly mapToRegistry uri https://registry.npmjs.org/ejs
212 verbose addNameVersion registry:https://registry.npmjs.org/ejs not in flight; fetching
213 verbose get https://registry.npmjs.org/ejs not expired, no request
214 silly mapToRegistry name ejs
215 silly mapToRegistry using default registry
216 silly mapToRegistry registry https://registry.npmjs.org/
217 silly mapToRegistry data Result {
217 silly mapToRegistry   raw: 'ejs',
217 silly mapToRegistry   scope: null,
217 silly mapToRegistry   escapedName: 'ejs',
217 silly mapToRegistry   name: 'ejs',
217 silly mapToRegistry   rawSpec: '',
217 silly mapToRegistry   spec: 'latest',
217 silly mapToRegistry   type: 'tag' }
218 silly mapToRegistry uri https://registry.npmjs.org/ejs
219 verbose addRemoteTarball https://registry.npmjs.org/ejs/-/ejs-2.5.6.tgz not in flight; adding
220 verbose addRemoteTarball [ 'https://registry.npmjs.org/ejs/-/ejs-2.5.6.tgz',
220 verbose addRemoteTarball   '479636bfa3fe3b1debd52087f0acb204b4f19c88' ]
221 info retry fetch attempt 1 at 22:35:06
222 info attempt registry request try #1 at 22:35:06
223 http fetch GET https://registry.npmjs.org/ejs/-/ejs-2.5.6.tgz
224 http fetch 200 https://registry.npmjs.org/sorted-object/-/sorted-object-2.0.1.tgz
225 silly fetchAndShaCheck shasum 7d631f4bd3a798a24af1dffcfbfe83337a5df5fc
226 verbose addTmpTarball /tmp/npm-3757-4dc6563c/registry.npmjs.org/sorted-object/-/sorted-object-2.0.1.tgz not in flight; adding
227 verbose addTmpTarball already have metadata; skipping unpack for sorted-object@2.0.1
228 verbose correctMkdir /home/wcg/.npm correctMkdir not in flight; initializing
229 http fetch 200 https://registry.npmjs.org/mkdirp/-/mkdirp-0.5.1.tgz
230 silly fetchAndShaCheck shasum 30057438eac6cf7f8c4767f38648d6697d75c903
231 verbose addTmpTarball /tmp/npm-3757-4dc6563c/registry.npmjs.org/mkdirp/-/mkdirp-0.5.1.tgz not in flight; adding
232 verbose addTmpTarball already have metadata; skipping unpack for mkdirp@0.5.1
233 verbose correctMkdir /home/wcg/.npm correctMkdir not in flight; initializing
234 silly cache afterAdd sorted-object@2.0.1
235 verbose afterAdd /home/wcg/.npm/sorted-object/2.0.1/package/package.json not in flight; writing
236 verbose correctMkdir /home/wcg/.npm correctMkdir not in flight; initializing
237 silly cache afterAdd mkdirp@0.5.1
238 verbose afterAdd /home/wcg/.npm/mkdirp/0.5.1/package/package.json not in flight; writing
239 verbose correctMkdir /home/wcg/.npm correctMkdir not in flight; initializing
240 verbose afterAdd /home/wcg/.npm/sorted-object/2.0.1/package/package.json written
241 verbose afterAdd /home/wcg/.npm/mkdirp/0.5.1/package/package.json written
242 http fetch 200 https://registry.npmjs.org/commander/-/commander-2.9.0.tgz
243 http fetch 200 https://registry.npmjs.org/ejs/-/ejs-2.5.6.tgz
244 silly fetchAndShaCheck shasum 9c99094176e12240cb22d6c5146098400fe0f7d4
245 verbose addTmpTarball /tmp/npm-3757-4dc6563c/registry.npmjs.org/commander/-/commander-2.9.0.tgz not in flight; adding
246 verbose addTmpTarball already have metadata; skipping unpack for commander@2.9.0
247 verbose correctMkdir /home/wcg/.npm correctMkdir not in flight; initializing
248 silly cache afterAdd commander@2.9.0
249 verbose afterAdd /home/wcg/.npm/commander/2.9.0/package/package.json not in flight; writing
250 verbose correctMkdir /home/wcg/.npm correctMkdir not in flight; initializing
251 verbose afterAdd /home/wcg/.npm/commander/2.9.0/package/package.json written
252 silly fetchAndShaCheck shasum 479636bfa3fe3b1debd52087f0acb204b4f19c88
253 verbose addTmpTarball /tmp/npm-3757-4dc6563c/registry.npmjs.org/ejs/-/ejs-2.5.6.tgz not in flight; adding
254 verbose addTmpTarball already have metadata; skipping unpack for ejs@2.5.6
255 verbose correctMkdir /home/wcg/.npm correctMkdir not in flight; initializing
256 silly cache afterAdd ejs@2.5.6
257 verbose afterAdd /home/wcg/.npm/ejs/2.5.6/package/package.json not in flight; writing
258 verbose correctMkdir /home/wcg/.npm correctMkdir not in flight; initializing
259 verbose afterAdd /home/wcg/.npm/ejs/2.5.6/package/package.json written
260 silly fetchNamedPackageData graceful-readlink
261 silly mapToRegistry name graceful-readlink
262 silly mapToRegistry using default registry
263 silly mapToRegistry registry https://registry.npmjs.org/
264 silly mapToRegistry data Result {
264 silly mapToRegistry   raw: 'graceful-readlink',
264 silly mapToRegistry   scope: null,
264 silly mapToRegistry   escapedName: 'graceful-readlink',
264 silly mapToRegistry   name: 'graceful-readlink',
264 silly mapToRegistry   rawSpec: '',
264 silly mapToRegistry   spec: 'latest',
264 silly mapToRegistry   type: 'tag' }
265 silly mapToRegistry uri https://registry.npmjs.org/graceful-readlink
266 verbose request uri https://registry.npmjs.org/graceful-readlink
267 verbose request no auth needed
268 info attempt registry request try #1 at 22:35:26
269 http request GET https://registry.npmjs.org/graceful-readlink
270 http 200 https://registry.npmjs.org/graceful-readlink
271 verbose headers { server: 'nginx/1.10.1',
271 verbose headers   'content-type': 'application/json',
271 verbose headers   'last-modified': 'Sat, 24 Dec 2016 22:39:10 GMT',
271 verbose headers   etag: 'W/"585ef90e-c1b"',
271 verbose headers   'content-encoding': 'gzip',
271 verbose headers   'cache-control': 'max-age=300',
271 verbose headers   'content-length': '983',
271 verbose headers   'accept-ranges': 'bytes',
271 verbose headers   date: 'Wed, 20 Sep 2017 14:35:27 GMT',
271 verbose headers   via: '1.1 varnish',
271 verbose headers   age: '267',
271 verbose headers   connection: 'close',
271 verbose headers   'x-served-by': 'cache-nrt6122-NRT',
271 verbose headers   'x-cache': 'HIT',
271 verbose headers   'x-cache-hits': '15',
271 verbose headers   'x-timer': 'S1505918127.142255,VS0,VE0',
271 verbose headers   vary: 'Accept-Encoding, Accept' }
272 silly get cb [ 200,
272 silly get   { server: 'nginx/1.10.1',
272 silly get     'content-type': 'application/json',
272 silly get     'last-modified': 'Sat, 24 Dec 2016 22:39:10 GMT',
272 silly get     etag: 'W/"585ef90e-c1b"',
272 silly get     'content-encoding': 'gzip',
272 silly get     'cache-control': 'max-age=300',
272 silly get     'content-length': '983',
272 silly get     'accept-ranges': 'bytes',
272 silly get     date: 'Wed, 20 Sep 2017 14:35:27 GMT',
272 silly get     via: '1.1 varnish',
272 silly get     age: '267',
272 silly get     connection: 'close',
272 silly get     'x-served-by': 'cache-nrt6122-NRT',
272 silly get     'x-cache': 'HIT',
272 silly get     'x-cache-hits': '15',
272 silly get     'x-timer': 'S1505918127.142255,VS0,VE0',
272 silly get     vary: 'Accept-Encoding, Accept' } ]
273 verbose get saving graceful-readlink to /home/wcg/.npm/registry.npmjs.org/graceful-readlink/.cache.json
274 verbose correctMkdir /home/wcg/.npm correctMkdir not in flight; initializing
275 silly resolveWithNewModule graceful-readlink@1.0.1 checking installable status
276 silly cache add args [ 'graceful-readlink@>= 1.0.0', null ]
277 verbose cache add spec graceful-readlink@>= 1.0.0
278 silly cache add parsed spec Result {
278 silly cache add   raw: 'graceful-readlink@>= 1.0.0',
278 silly cache add   scope: null,
278 silly cache add   escapedName: 'graceful-readlink',
278 silly cache add   name: 'graceful-readlink',
278 silly cache add   rawSpec: '>= 1.0.0',
278 silly cache add   spec: '>=1.0.0',
278 silly cache add   type: 'range' }
279 silly addNamed graceful-readlink@>=1.0.0
280 verbose addNamed ">=1.0.0" is a valid semver range for graceful-readlink
281 silly addNameRange { name: 'graceful-readlink', range: '>=1.0.0', hasData: false }
282 silly mapToRegistry name graceful-readlink
283 silly mapToRegistry using default registry
284 silly mapToRegistry registry https://registry.npmjs.org/
285 silly mapToRegistry data Result {
285 silly mapToRegistry   raw: 'graceful-readlink',
285 silly mapToRegistry   scope: null,
285 silly mapToRegistry   escapedName: 'graceful-readlink',
285 silly mapToRegistry   name: 'graceful-readlink',
285 silly mapToRegistry   rawSpec: '',
285 silly mapToRegistry   spec: 'latest',
285 silly mapToRegistry   type: 'tag' }
286 silly mapToRegistry uri https://registry.npmjs.org/graceful-readlink
287 verbose addNameRange registry:https://registry.npmjs.org/graceful-readlink not in flight; fetching
288 verbose get https://registry.npmjs.org/graceful-readlink not expired, no request
289 silly addNameRange number 2 { name: 'graceful-readlink', range: '>=1.0.0', hasData: true }
290 silly addNameRange versions [ 'graceful-readlink', [ '1.0.0', '1.0.1' ] ]
291 silly addNamed graceful-readlink@1.0.1
292 verbose addNamed "1.0.1" is a plain semver version for graceful-readlink
293 silly mapToRegistry name graceful-readlink
294 silly mapToRegistry using default registry
295 silly mapToRegistry registry https://registry.npmjs.org/
296 silly mapToRegistry data Result {
296 silly mapToRegistry   raw: 'graceful-readlink',
296 silly mapToRegistry   scope: null,
296 silly mapToRegistry   escapedName: 'graceful-readlink',
296 silly mapToRegistry   name: 'graceful-readlink',
296 silly mapToRegistry   rawSpec: '',
296 silly mapToRegistry   spec: 'latest',
296 silly mapToRegistry   type: 'tag' }
297 silly mapToRegistry uri https://registry.npmjs.org/graceful-readlink
298 verbose addRemoteTarball https://registry.npmjs.org/graceful-readlink/-/graceful-readlink-1.0.1.tgz not in flight; adding
299 verbose addRemoteTarball [ 'https://registry.npmjs.org/graceful-readlink/-/graceful-readlink-1.0.1.tgz',
299 verbose addRemoteTarball   '4cafad76bc62f02fa039b2f94e9a3dd3a391a725' ]
300 info retry fetch attempt 1 at 22:35:27
301 info attempt registry request try #1 at 22:35:27
302 http fetch GET https://registry.npmjs.org/graceful-readlink/-/graceful-readlink-1.0.1.tgz
303 http fetch 200 https://registry.npmjs.org/graceful-readlink/-/graceful-readlink-1.0.1.tgz
304 silly fetchAndShaCheck shasum 4cafad76bc62f02fa039b2f94e9a3dd3a391a725
305 verbose addTmpTarball /tmp/npm-3757-4dc6563c/registry.npmjs.org/graceful-readlink/-/graceful-readlink-1.0.1.tgz not in flight; adding
306 verbose addTmpTarball already have metadata; skipping unpack for graceful-readlink@1.0.1
307 verbose correctMkdir /home/wcg/.npm correctMkdir not in flight; initializing
308 silly cache afterAdd graceful-readlink@1.0.1
309 verbose afterAdd /home/wcg/.npm/graceful-readlink/1.0.1/package/package.json not in flight; writing
310 verbose correctMkdir /home/wcg/.npm correctMkdir not in flight; initializing
311 verbose afterAdd /home/wcg/.npm/graceful-readlink/1.0.1/package/package.json written
312 silly fetchNamedPackageData minimist
313 silly mapToRegistry name minimist
314 silly mapToRegistry using default registry
315 silly mapToRegistry registry https://registry.npmjs.org/
316 silly mapToRegistry data Result {
316 silly mapToRegistry   raw: 'minimist',
316 silly mapToRegistry   scope: null,
316 silly mapToRegistry   escapedName: 'minimist',
316 silly mapToRegistry   name: 'minimist',
316 silly mapToRegistry   rawSpec: '',
316 silly mapToRegistry   spec: 'latest',
316 silly mapToRegistry   type: 'tag' }
317 silly mapToRegistry uri https://registry.npmjs.org/minimist
318 verbose request uri https://registry.npmjs.org/minimist
319 verbose request no auth needed
320 info attempt registry request try #1 at 22:35:27
321 http request GET https://registry.npmjs.org/minimist
322 http 200 https://registry.npmjs.org/minimist
323 verbose headers { server: 'nginx/1.10.1',
323 verbose headers   'content-type': 'application/json',
323 verbose headers   'last-modified': 'Fri, 15 Sep 2017 10:45:32 GMT',
323 verbose headers   etag: 'W/"59bbaf4c-7700"',
323 verbose headers   'content-encoding': 'gzip',
323 verbose headers   'cache-control': 'max-age=300',
323 verbose headers   'content-length': '5937',
323 verbose headers   'accept-ranges': 'bytes',
323 verbose headers   date: 'Wed, 20 Sep 2017 14:35:29 GMT',
323 verbose headers   via: '1.1 varnish',
323 verbose headers   age: '232',
323 verbose headers   connection: 'close',
323 verbose headers   'x-served-by': 'cache-nrt6120-NRT',
323 verbose headers   'x-cache': 'HIT',
323 verbose headers   'x-cache-hits': '15',
323 verbose headers   'x-timer': 'S1505918130.568776,VS0,VE0',
323 verbose headers   vary: 'Accept-Encoding, Accept' }
324 silly get cb [ 200,
324 silly get   { server: 'nginx/1.10.1',
324 silly get     'content-type': 'application/json',
324 silly get     'last-modified': 'Fri, 15 Sep 2017 10:45:32 GMT',
324 silly get     etag: 'W/"59bbaf4c-7700"',
324 silly get     'content-encoding': 'gzip',
324 silly get     'cache-control': 'max-age=300',
324 silly get     'content-length': '5937',
324 silly get     'accept-ranges': 'bytes',
324 silly get     date: 'Wed, 20 Sep 2017 14:35:29 GMT',
324 silly get     via: '1.1 varnish',
324 silly get     age: '232',
324 silly get     connection: 'close',
324 silly get     'x-served-by': 'cache-nrt6120-NRT',
324 silly get     'x-cache': 'HIT',
324 silly get     'x-cache-hits': '15',
324 silly get     'x-timer': 'S1505918130.568776,VS0,VE0',
324 silly get     vary: 'Accept-Encoding, Accept' } ]
325 verbose get saving minimist to /home/wcg/.npm/registry.npmjs.org/minimist/.cache.json
326 verbose correctMkdir /home/wcg/.npm correctMkdir not in flight; initializing
327 silly resolveWithNewModule minimist@0.0.8 checking installable status
328 silly cache add args [ 'minimist@0.0.8', null ]
329 verbose cache add spec minimist@0.0.8
330 silly cache add parsed spec Result {
330 silly cache add   raw: 'minimist@0.0.8',
330 silly cache add   scope: null,
330 silly cache add   escapedName: 'minimist',
330 silly cache add   name: 'minimist',
330 silly cache add   rawSpec: '0.0.8',
330 silly cache add   spec: '0.0.8',
330 silly cache add   type: 'version' }
331 silly addNamed minimist@0.0.8
332 verbose addNamed "0.0.8" is a plain semver version for minimist
333 silly mapToRegistry name minimist
334 silly mapToRegistry using default registry
335 silly mapToRegistry registry https://registry.npmjs.org/
336 silly mapToRegistry data Result {
336 silly mapToRegistry   raw: 'minimist',
336 silly mapToRegistry   scope: null,
336 silly mapToRegistry   escapedName: 'minimist',
336 silly mapToRegistry   name: 'minimist',
336 silly mapToRegistry   rawSpec: '',
336 silly mapToRegistry   spec: 'latest',
336 silly mapToRegistry   type: 'tag' }
337 silly mapToRegistry uri https://registry.npmjs.org/minimist
338 verbose addNameVersion registry:https://registry.npmjs.org/minimist not in flight; fetching
339 verbose get https://registry.npmjs.org/minimist not expired, no request
340 silly mapToRegistry name minimist
341 silly mapToRegistry using default registry
342 silly mapToRegistry registry https://registry.npmjs.org/
343 silly mapToRegistry data Result {
343 silly mapToRegistry   raw: 'minimist',
343 silly mapToRegistry   scope: null,
343 silly mapToRegistry   escapedName: 'minimist',
343 silly mapToRegistry   name: 'minimist',
343 silly mapToRegistry   rawSpec: '',
343 silly mapToRegistry   spec: 'latest',
343 silly mapToRegistry   type: 'tag' }
344 silly mapToRegistry uri https://registry.npmjs.org/minimist
345 verbose addRemoteTarball https://registry.npmjs.org/minimist/-/minimist-0.0.8.tgz not in flight; adding
346 verbose addRemoteTarball [ 'https://registry.npmjs.org/minimist/-/minimist-0.0.8.tgz',
346 verbose addRemoteTarball   '857fcabfc3397d2625b8228262e86aa7a011b05d' ]
347 info retry fetch attempt 1 at 22:35:30
348 info attempt registry request try #1 at 22:35:30
349 http fetch GET https://registry.npmjs.org/minimist/-/minimist-0.0.8.tgz
350 http fetch 200 https://registry.npmjs.org/minimist/-/minimist-0.0.8.tgz
351 silly fetchAndShaCheck shasum 857fcabfc3397d2625b8228262e86aa7a011b05d
352 verbose addTmpTarball /tmp/npm-3757-4dc6563c/registry.npmjs.org/minimist/-/minimist-0.0.8.tgz not in flight; adding
353 verbose addTmpTarball already have metadata; skipping unpack for minimist@0.0.8
354 verbose correctMkdir /home/wcg/.npm correctMkdir not in flight; initializing
355 silly cache afterAdd minimist@0.0.8
356 verbose afterAdd /home/wcg/.npm/minimist/0.0.8/package/package.json not in flight; writing
357 verbose correctMkdir /home/wcg/.npm correctMkdir not in flight; initializing
358 verbose afterAdd /home/wcg/.npm/minimist/0.0.8/package/package.json written
359 silly loadAllDepsIntoIdealTree Finishing
360 silly loadIdealTree Finishing
361 silly currentTree lib
362 silly idealTree lib
362 silly idealTree └─┬ express-generator@4.15.0
362 silly idealTree   ├── commander@2.9.0
362 silly idealTree   ├── ejs@2.5.6
362 silly idealTree   ├── graceful-readlink@1.0.1
362 silly idealTree   ├── minimist@0.0.8
362 silly idealTree   ├── mkdirp@0.5.1
362 silly idealTree   └── sorted-object@2.0.1
363 silly generateActionsToTake Starting
364 silly install generateActionsToTake
365 warn checkPermissions Missing write access to /usr/lib/node_modules
366 silly rollbackFailedOptional Starting
367 silly rollbackFailedOptional Finishing
368 silly runTopLevelLifecycles Finishing
369 silly install printInstalled
370 verbose stack Error: EACCES: permission denied, access '/usr/lib/node_modules'
370 verbose stack     at Error (native)
371 verbose cwd /home/wcg/stu
372 error Linux 4.10.0-35-generic
373 error argv "/usr/bin/node" "/usr/bin/npm" "i" "express-generator" "-g"
374 error node v6.11.3
375 error npm  v3.10.10
376 error path /usr/lib/node_modules
377 error code EACCES
378 error errno -13
379 error syscall access
380 error Error: EACCES: permission denied, access '/usr/lib/node_modules'
380 error     at Error (native)
380 error  { Error: EACCES: permission denied, access '/usr/lib/node_modules'
380 error     at Error (native)
380 error   errno: -13,
380 error   code: 'EACCES',
380 error   syscall: 'access',
380 error   path: '/usr/lib/node_modules' }
381 error Please try running this command again as root/Administrator.
382 verbose exit [ -13, true ]
